<?xml version="1.0" encoding="utf-8"?><testsuites><testsuite name="pytest" errors="0" failures="0" skipped="0" tests="3" time="41.979" timestamp="2026-04-01T04:40:20.366613" hostname="mdux-envy"><testcase classname="tests.test_lims_ui" name="test_lims_html_pages_render_with_role_aware_actions" time="17.462" /><testcase classname="tests.test_lims_ui" name="test_lims_operator_can_view_metadata_page_without_manage_actions" time="12.074" /><testcase classname="tests.test_lims_ui" name="test_metadata_page_renders_shell_workflow_guidance_for_admins" time="12.371" /></testsuite></testsuites>