<?xml version="1.0" encoding="utf-8"?><testsuites><testsuite name="pytest" errors="0" failures="0" skipped="0" tests="272" time="7441.765" timestamp="2026-04-01T06:36:57.067107" hostname="mdux-envy"><testcase classname="tenants.tests.TenantDomainModelTests" name="test_build_service_tenant_domain" time="5.779" /><testcase classname="tenants.tests.TenantDomainModelTests" name="test_normalize_domain_strips_scheme_and_port" time="0.006" /><testcase classname="tenants.tests.TenantDomainModelTests" name="test_normalize_subdomain_label" time="0.007" /><testcase classname="tenants.tests.TenantDomainModelTests" name="test_parse_service_tenant_domain" time="0.005" /><testcase classname="tenants.tests.TenantDomainModelTests" name="test_parse_service_tenant_domain_rejects_non_matching_base" time="0.008" /><testcase classname="tests.test_access_requests_api" name="test_access_request_lifecycle" time="21.848" /><testcase classname="tests.test_access_requests_api" name="test_access_requests_are_tenant_scoped" time="21.800" /><testcase classname="tests.test_access_requests_api" name="test_access_requests_role_enforcement_when_enabled" time="23.275" /><testcase classname="tests.test_agentic_ai_api" name="test_agent_run_lifecycle_and_cancellation" time="23.687" /><testcase classname="tests.test_agentic_ai_api" name="test_agent_run_timeout_materialization" time="21.791" /><testcase classname="tests.test_agentic_ai_api" name="test_agent_run_validation_role_and_tenant_scoping" time="21.017" /><testcase classname="tests.test_api_versioning_contracts" name="test_api_version_header_and_asset_contract_keys_are_stable" time="11.368" /><testcase classname="tests.test_api_versioning_contracts" name="test_unsupported_api_version_is_rejected" time="11.497" /><testcase classname="tests.test_api_versioning_contracts" name="test_project_and_ingestion_contract_fields_are_stable" time="11.094" /><testcase classname="tests.test_api_versioning_contracts" name="test_stewardship_orchestration_and_agent_contract_fields_are_stable" time="12.592" /><testcase classname="tests.test_api_versioning_contracts" name="test_user_and_notification_contract_fields_are_stable" time="12.793" /><testcase classname="tests.test_api_versioning_contracts" name="test_membership_and_invitation_contract_fields_are_stable" time="13.263" /><testcase classname="tests.test_api_versioning_contracts" name="test_role_enforcement_contracts_for_user_notification_and_member_list" time="13.450" /><testcase classname="tests.test_asset_api" name="test_asset_create_and_list_is_tenant_scoped" time="23.268" /><testcase classname="tests.test_asset_api" name="test_asset_update_roundtrip" time="12.744" /><testcase classname="tests.test_asset_api" name="test_asset_mutations_emit_events_when_configured" time="13.165" /><testcase classname="tests.test_asset_api" name="test_asset_optional_catalog_fields_roundtrip_and_validation" time="12.969" /><testcase classname="tests.test_classification_api" name="test_classification_lifecycle_and_asset_assignment" time="26.057" /><testcase classname="tests.test_classification_api" name="test_classification_is_tenant_scoped" time="27.304" /><testcase classname="tests.test_classification_api" name="test_classification_role_enforcement_when_enabled" time="22.786" /><testcase classname="tests.test_collaboration_api" name="test_collaboration_document_lifecycle" time="24.538" /><testcase classname="tests.test_collaboration_api" name="test_collaboration_is_tenant_scoped" time="23.760" /><testcase classname="tests.test_collaboration_api" name="test_collaboration_role_enforcement_when_enabled" time="29.400" /><testcase classname="tests.test_connectors_api" name="test_connector_run_worker_and_job_paths" time="28.976" /><testcase classname="tests.test_connectors_api" name="test_connector_runs_are_tenant_scoped" time="27.729" /><testcase classname="tests.test_connectors_api" name="test_connector_role_enforcement_when_enabled" time="28.167" /><testcase classname="tests.test_data_contracts_api" name="test_data_contract_create_get_list_and_asset_list" time="29.215" /><testcase classname="tests.test_data_contracts_api" name="test_data_contract_versions_activation_and_deprecation" time="28.579" /><testcase classname="tests.test_data_contracts_api" name="test_data_contract_endpoints_are_tenant_scoped" time="29.615" /><testcase classname="tests.test_data_contracts_api" name="test_data_contract_role_enforcement_when_enabled" time="25.866" /><testcase classname="tests.test_data_products_api" name="test_data_product_lifecycle_requires_active_contracts" time="23.349" /><testcase classname="tests.test_data_products_api" name="test_data_products_are_tenant_scoped" time="21.058" /><testcase classname="tests.test_data_products_api" name="test_data_product_role_enforcement_when_enabled" time="21.093" /><testcase classname="tests.test_data_quality_api" name="test_quality_rule_create_evaluate_and_results" time="12.533" /><testcase classname="tests.test_data_quality_api" name="test_quality_endpoints_are_tenant_scoped" time="24.427" /><testcase classname="tests.test_data_quality_api" name="test_quality_endpoints_enforce_roles_when_enabled" time="16.511" /><testcase classname="tests.test_data_sharing_api" name="test_data_share_lifecycle_and_expiry" time="24.503" /><testcase classname="tests.test_data_sharing_api" name="test_data_shares_are_tenant_scoped" time="21.889" /><testcase classname="tests.test_data_sharing_api" name="test_data_share_role_enforcement_when_enabled" time="24.331" /><testcase classname="tests.test_event_schema_gates" name="test_mutating_flows_emit_schema_compliant_domain_and_audit_events" time="13.085" /><testcase classname="tests.test_glossary_api" name="test_glossary_term_lifecycle_and_asset_link" time="24.209" /><testcase classname="tests.test_glossary_api" name="test_glossary_is_tenant_scoped" time="23.522" /><testcase classname="tests.test_glossary_api" name="test_glossary_role_enforcement_when_enabled" time="24.307" /><testcase classname="tests.test_governance_workflows_api" name="test_governance_policy_lifecycle_and_rollback" time="20.874" /><testcase classname="tests.test_governance_workflows_api" name="test_governance_policies_are_tenant_scoped" time="22.925" /><testcase classname="tests.test_governance_workflows_api" name="test_governance_and_classification_role_enforcement" time="23.877" /><testcase classname="tests.test_identity_roles" name="test_role_enforcement_is_opt_in" time="12.989" /><testcase classname="tests.test_identity_roles" name="test_tenant_create_enforces_tenant_admin_role" time="12.223" /><testcase classname="tests.test_identity_roles" name="test_catalog_mutations_enforce_catalog_editor_role" time="13.284" /><testcase classname="tests.test_identity_roles" name="test_catalog_reads_enforce_reader_or_stronger_role" time="13.884" /><testcase classname="tests.test_identity_roles" name="test_tenant_list_enforces_tenant_admin_role" time="0.517" /><testcase classname="tests.test_ingestion_api" name="test_ingestion_create_and_get_is_tenant_scoped" time="28.352" /><testcase classname="tests.test_ingestion_api" name="test_ingestion_create_validates_payload" time="15.819" /><testcase classname="tests.test_ingestion_api" name="test_ingestion_create_emits_domain_and_audit_events_when_configured" time="12.464" /><testcase classname="tests.test_k8s_health_endpoints" name="test_healthz_does_not_require_tenant_host" time="0.801" /><testcase classname="tests.test_k8s_health_endpoints" name="test_livez_does_not_require_tenant_host" time="0.426" /><testcase classname="tests.test_k8s_health_endpoints" name="test_readyz_does_not_require_tenant_host_and_checks_db" time="0.410" /><testcase classname="tests.test_k8s_health_endpoints" name="test_readyz_returns_503_when_db_unavailable" time="0.385" /><testcase classname="tests.test_lims_accessioning_api" name="test_lims_accessioning_supports_single_receive_with_metadata_validation" time="13.412" /><testcase classname="tests.test_lims_accessioning_api" name="test_lims_accessioning_single_reject_creates_governed_operation_run" time="15.065" /><testcase classname="tests.test_lims_accessioning_api" name="test_lims_accessioning_supports_manifest_receive_discrepancies_and_reports" time="14.863" /><testcase classname="tests.test_lims_accessioning_api" name="test_lims_accessioning_manifest_reject_path_uses_governed_operation_runtime" time="14.647" /><testcase classname="tests.test_lims_address_sync" name="test_tanzania_address_sync_run_is_resumable_and_polite" time="14.955" /><testcase classname="tests.test_lims_address_sync" name="test_address_sync_api_creates_run_and_dispatches_task" time="14.240" /><testcase classname="tests.test_lims_address_sync" name="test_tanzania_address_sync_handles_concurrent_region_insert_conflict" time="14.673" /><testcase classname="tests.test_lims_address_sync" name="test_tanzania_address_sync_marks_run_failed_on_unexpected_error" time="17.557" /><testcase classname="tests.test_lims_address_sync" name="test_tanzania_address_sync_coalesces_duplicate_district_links_on_same_page" time="14.720" /><testcase classname="tests.test_lims_address_sync" name="test_sync_task_auto_reschedules_paused_run" time="14.682" /><testcase classname="tests.test_lims_api" name="test_lims_service_route_exposes_summary_and_html_shell" time="15.008" /><testcase classname="tests.test_lims_api" name="test_lims_service_route_enforces_roles_when_enabled" time="15.032" /><testcase classname="tests.test_lims_batch_plate_api" name="test_lims_plate_layouts_include_seeded_defaults" time="14.671" /><testcase classname="tests.test_lims_batch_plate_api" name="test_lims_batch_plate_management_supports_assignments_and_worksheet_jobs" time="15.007" /><testcase classname="tests.test_lims_biospecimens_api" name="test_lims_biospecimens_support_type_creation_id_generation_transitions_and_aliquots" time="14.434" /><testcase classname="tests.test_lims_biospecimens_api" name="test_lims_biospecimen_pools_require_matching_types_and_mark_members_pooled" time="15.110" /><testcase classname="tests.test_lims_form_engine_api" name="test_lims_form_engine_bootstraps_publishes_and_clones_from_metadata_schema" time="16.417" /><testcase classname="tests.test_lims_form_engine_api" name="test_lims_form_engine_surfaces_publish_validation_diagnostics" time="18.195" /><testcase classname="tests.test_lims_metadata_api" name="test_lims_metadata_domain_supports_vocabularies_versions_bindings_and_validation" time="17.100" /><testcase classname="tests.test_lims_metadata_api" name="test_lims_metadata_domain_is_tenant_scoped" time="25.787" /><testcase classname="tests.test_lims_permissions" name="test_lims_permissions_endpoint_requires_lims_dashboard_access" time="12.674" /><testcase classname="tests.test_lims_permissions" name="test_lims_dashboard_accepts_new_lims_roles" time="14.005" /><testcase classname="tests.test_lims_reference_api" name="test_lims_reference_crud_and_select_options" time="15.059" /><testcase classname="tests.test_lims_reference_api" name="test_lims_reference_selectors_filter_address_hierarchy" time="16.571" /><testcase classname="tests.test_lims_sample_accession_reference_api" name="test_lims_reference_sample_accession_provision_is_idempotent" time="17.217" /><testcase classname="tests.test_lims_sample_accession_reference_api" name="test_lims_reference_sample_accession_bundle_executes_runtime_paths" time="17.456" /><testcase classname="tests.test_lims_storage_inventory_api" name="test_lims_storage_locations_and_biospecimen_history" time="17.136" /><testcase classname="tests.test_lims_storage_inventory_api" name="test_lims_inventory_lots_and_transactions_track_consumable_usage" time="30.679" /><testcase classname="tests.test_lims_ui" name="test_lims_html_pages_render_with_role_aware_actions" time="16.005" /><testcase classname="tests.test_lims_ui" name="test_lims_operator_can_view_metadata_page_without_manage_actions" time="17.165" /><testcase classname="tests.test_lims_ui" name="test_metadata_page_renders_shell_workflow_guidance_for_admins" time="15.251" /><testcase classname="tests.test_lims_ui" name="test_metadata_page_shows_visual_schema_builder_for_admins" time="15.374" /><testcase classname="tests.test_lims_ui" name="test_reference_forms_expose_slug_and_address_selectors" time="15.671" /><testcase classname="tests.test_lims_ui" name="test_reference_launchpad_shows_site_study_badges_and_address_breadcrumbs" time="16.560" /><testcase classname="tests.test_lims_ui" name="test_address_sync_page_shows_live_progress_monitor" time="15.407" /><testcase classname="tests.test_lims_ui" name="test_reference_page_shows_live_sync_progress_and_active_run_marker" time="11.476" /><testcase classname="tests.test_lims_ui" name="test_reference_sample_accession_page_shows_bundle_status_after_provision" time="12.821" /><testcase classname="tests.test_lims_ui" name="test_task_inbox_lists_actionable_operator_work_and_links_to_runtime_detail" time="11.681" /><testcase classname="tests.test_lims_ui" name="test_task_inbox_shows_approval_queue_for_review_roles" time="12.312" /><testcase classname="tests.test_lims_ui" name="test_lims_feedback_banner_uses_message_and_status_flag" time="11.786" /><testcase classname="tests.test_lims_ui" name="test_receiving_pages_show_qc_storage_and_import_workflows" time="11.502" /><testcase classname="tests.test_lims_ui" name="test_storage_inventory_pages_show_admin_forms" time="11.649" /><testcase classname="tests.test_lims_workflow_config_api" name="test_lims_workflow_config_supports_versioning_bindings_and_validation" time="11.700" /><testcase classname="tests.test_lims_workflow_runtime_api" name="test_lims_workflow_runtime_executes_accept_and_reject_paths" time="11.151" /><testcase classname="tests.test_lineage_api" name="test_lineage_edge_upsert_and_query_is_tenant_scoped" time="17.662" /><testcase classname="tests.test_lineage_api" name="test_lineage_edge_upsert_updates_existing_edge" time="10.325" /><testcase classname="tests.test_lineage_api" name="test_lineage_edge_upsert_emits_event_when_configured" time="10.002" /><testcase classname="tests.test_master_data_api" name="test_master_data_record_and_merge_lifecycle" time="17.981" /><testcase classname="tests.test_master_data_api" name="test_master_data_is_tenant_scoped" time="17.595" /><testcase classname="tests.test_master_data_api" name="test_master_data_role_enforcement_when_enabled" time="18.506" /><testcase classname="tests.test_metadata_versioning_api" name="test_asset_version_create_publish_and_supersede" time="19.752" /><testcase classname="tests.test_metadata_versioning_api" name="test_asset_version_publish_validations" time="19.672" /><testcase classname="tests.test_metadata_versioning_api" name="test_asset_version_role_and_tenant_scoping" time="18.457" /><testcase classname="tests.test_metrics_api" name="test_metrics_is_public_and_prometheus_formatted" time="0.564" /><testcase classname="tests.test_metrics_api" name="test_readyz_db_error_updates_readiness_metric" time="0.517" /><testcase classname="tests.test_notebooks_api" name="test_notebook_workspace_session_execution_lifecycle" time="19.575" /><testcase classname="tests.test_notebooks_api" name="test_notebooks_are_tenant_scoped" time="21.529" /><testcase classname="tests.test_notebooks_api" name="test_notebooks_role_enforcement_when_enabled" time="19.967" /><testcase classname="tests.test_notifications_api" name="test_notification_dispatch_failure_and_dead_letter" time="9.932" /><testcase classname="tests.test_notifications_api" name="test_notification_retry_from_dead_letter_succeeds" time="10.025" /><testcase classname="tests.test_notifications_api" name="test_webhook_notification_dispatch_success" time="10.066" /><testcase classname="tests.test_notifications_api" name="test_webhook_notification_invalid_url_fails" time="9.993" /><testcase classname="tests.test_notifications_api" name="test_webhook_notification_adds_signature_header_when_secret_configured" time="11.533" /><testcase classname="tests.test_oidc_jwt_auth" name="test_oidc_required_rejects_missing_bearer_token" time="12.199" /><testcase classname="tests.test_oidc_jwt_auth" name="test_oidc_valid_token_maps_roles_and_user" time="11.389" /><testcase classname="tests.test_oidc_jwt_auth" name="test_oidc_rejects_invalid_signature_and_claim_mismatch" time="7.440" /><testcase classname="tests.test_oidc_jwt_auth" name="test_oidc_enforces_tenant_claim_and_header_fallback_when_not_required" time="7.829" /><testcase classname="tests.test_oidc_jwt_auth" name="test_oidc_required_and_role_enforced_for_users_notifications_and_members" time="7.564" /><testcase classname="tests.test_oidc_jwt_auth" name="test_oidc_required_for_invitation_accept_and_role_gated_notification_retry" time="8.823" /><testcase classname="tests.test_oidc_jwt_auth" name="test_oidc_auth_responses_include_api_version_header_for_new_endpoints" time="10.103" /><testcase classname="tests.test_oidc_jwt_auth" name="test_oidc_tenant_claim_mismatch_on_users_and_invitation_accept" time="10.197" /><testcase classname="tests.test_oidc_jwt_auth" name="test_oidc_claim_validation_errors_on_new_endpoints" time="9.912" /><testcase classname="tests.test_oidc_jwt_auth" name="test_oidc_bearer_and_role_enforcement_for_invitation_revoke_and_resend" time="10.383" /><testcase classname="tests.test_oidc_jwt_auth" name="test_oidc_subject_and_nbf_validation_on_new_endpoints" time="10.002" /><testcase classname="tests.test_orchestration_api" name="test_orchestration_workflow_and_run_lifecycle" time="17.358" /><testcase classname="tests.test_orchestration_api" name="test_orchestration_is_tenant_scoped" time="19.408" /><testcase classname="tests.test_orchestration_api" name="test_orchestration_role_enforcement_when_enabled" time="20.859" /><testcase classname="tests.test_pagination_api" name="test_assets_pagination_defaults_and_caps" time="11.515" /><testcase classname="tests.test_pagination_api" name="test_ingestions_pagination_and_legacy_limit_offset" time="11.342" /><testcase classname="tests.test_printing_api" name="test_print_job_lifecycle" time="17.759" /><testcase classname="tests.test_printing_api" name="test_print_jobs_are_tenant_scoped" time="16.894" /><testcase classname="tests.test_printing_api" name="test_printing_role_enforcement_when_enabled" time="17.649" /><testcase classname="tests.test_printing_api" name="test_print_gateway_lifecycle_and_heartbeat" time="17.481" /><testcase classname="tests.test_printing_api" name="test_print_gateway_role_and_token_enforcement" time="17.684" /><testcase classname="tests.test_printing_api" name="test_print_template_lifecycle_and_tenant_scope" time="17.820" /><testcase classname="tests.test_printing_api" name="test_print_job_stores_render_preview_from_template" time="17.647" /><testcase classname="tests.test_printing_api" name="test_zebra_batch_labels_render_preview" time="19.201" /><testcase classname="tests.test_printing_api" name="test_zebra_batch_count_repeats_each_label" time="18.729" /><testcase classname="tests.test_printing_api" name="test_zebra_labels_accept_title_and_text_metadata" time="18.928" /><testcase classname="tests.test_printing_api" name="test_zebra_labels_expose_split_line_tokens" time="17.756" /><testcase classname="tests.test_printing_api" name="test_zebra_default_batch_from_participant_range" time="19.438" /><testcase classname="tests.test_printing_api" name="test_zebra_range_supports_serial_at_end_and_custom_suffixes" time="16.395" /><testcase classname="tests.test_printing_api" name="test_pdf_sheet_preview_with_labels_and_preset" time="17.094" /><testcase classname="tests.test_printing_api" name="test_a4_65_labels_preview_downloadable_when_available" time="20.391" /><testcase classname="tests.test_printing_api" name="test_pdf_sheet_batch_count_repeats_labels_per_row" time="19.898" /><testcase classname="tests.test_printing_api" name="test_pdf_sheet_labels_accept_title_metadata" time="17.308" /><testcase classname="tests.test_privacy_api" name="test_privacy_profile_and_consent_lifecycle" time="20.778" /><testcase classname="tests.test_privacy_api" name="test_privacy_is_tenant_scoped" time="20.876" /><testcase classname="tests.test_privacy_api" name="test_privacy_role_enforcement_when_enabled" time="18.771" /><testcase classname="tests.test_privacy_api" name="test_privacy_actions_lifecycle_from_consent_withdrawal" time="15.609" /><testcase classname="tests.test_projects_api" name="test_project_create_and_sync_scoping_for_ingestion_and_orchestration" time="16.720" /><testcase classname="tests.test_projects_api" name="test_project_scoping_is_tenant_local" time="19.251" /><testcase classname="tests.test_projects_api" name="test_project_role_and_orchestration_project_validation" time="18.527" /><testcase classname="tests.test_projects_api" name="test_project_member_invite_existing_user_sends_notification" time="17.130" /><testcase classname="tests.test_projects_api" name="test_project_member_invite_new_user_generates_one_time_link_and_acceptance" time="15.943" /><testcase classname="tests.test_projects_api" name="test_project_invitation_revoke_and_resend_rotation" time="20.570" /><testcase classname="tests.test_projects_api" name="test_user_directory_and_membership_lifecycle_endpoints" time="20.399" /><testcase classname="tests.test_projects_api" name="test_project_workspace_get_and_update" time="14.607" /><testcase classname="tests.test_reference_data_api" name="test_reference_data_dataset_and_version_lifecycle" time="14.547" /><testcase classname="tests.test_reference_data_api" name="test_reference_data_is_tenant_scoped" time="17.017" /><testcase classname="tests.test_reference_data_api" name="test_reference_data_role_enforcement_when_enabled" time="19.039" /><testcase classname="tests.test_residency_api" name="test_residency_profile_lifecycle_and_check" time="18.098" /><testcase classname="tests.test_residency_api" name="test_residency_is_tenant_scoped" time="17.423" /><testcase classname="tests.test_residency_api" name="test_residency_role_enforcement_when_enabled" time="19.083" /><testcase classname="tests.test_retention_api" name="test_retention_rule_hold_and_run_lifecycle" time="21.096" /><testcase classname="tests.test_retention_api" name="test_retention_is_tenant_scoped" time="20.190" /><testcase classname="tests.test_retention_api" name="test_retention_role_enforcement_when_enabled" time="17.570" /><testcase classname="tests.test_search_api" name="test_search_assets_is_tenant_scoped" time="16.667" /><testcase classname="tests.test_search_api" name="test_search_assets_supports_catalog_fields_and_pagination" time="9.817" /><testcase classname="tests.test_search_api" name="test_search_assets_enforces_reader_role_when_enabled" time="10.934" /><testcase classname="tests.test_search_api" name="test_search_assets_validates_query_and_paging_params" time="10.659" /><testcase classname="tests.test_search_api" name="test_ui_model_select_projects_is_tenant_scoped_and_searchable" time="17.933" /><testcase classname="tests.test_search_api" name="test_ui_model_select_projects_validates_source_and_roles" time="10.554" /><testcase classname="tests.test_search_api" name="test_ui_model_select_print_templates_and_gateways_are_searchable" time="10.244" /><testcase classname="tests.test_search_api" name="test_ui_model_select_assets_are_tenant_scoped_and_return_metadata" time="20.221" /><testcase classname="tests.test_search_api" name="test_ui_model_select_workflow_definitions_are_searchable" time="12.435" /><testcase classname="tests.test_stewardship_api" name="test_stewardship_item_lifecycle" time="14.904" /><testcase classname="tests.test_stewardship_api" name="test_stewardship_tenant_scoping" time="14.420" /><testcase classname="tests.test_stewardship_api" name="test_stewardship_role_enforcement_when_enabled" time="15.378" /><testcase classname="tests.test_tenant_admin_api" name="test_tenant_admin_api_can_create_tenant_and_route_requests" time="12.618" /><testcase classname="tests.test_tenant_admin_api" name="test_tenant_admin_api_normalizes_domain" time="12.215" /><testcase classname="tests.test_tenant_admin_api" name="test_tenant_create_emits_event_when_configured" time="10.352" /><testcase classname="tests.test_tenant_admin_api" name="test_tenant_services_registry_create_and_list" time="9.038" /><testcase classname="tests.test_tenant_isolation" name="test_requests_without_tenant_are_rejected" time="0.437" /><testcase classname="tests.test_tenant_isolation" name="test_schema_per_tenant_isolated_data_and_routing" time="18.599" /><testcase classname="tests.test_tenant_isolation" name="test_service_route_hostname_resolves_tenant" time="11.163" /><testcase classname="tests.test_tenant_isolation" name="test_service_route_hostname_renders_user_portal_for_tenant" time="10.439" /><testcase classname="tests.test_tenant_isolation" name="test_tenant_root_hostname_resolves_via_service_route_slug" time="10.247" /><testcase classname="tests.test_tenant_isolation" name="test_tenant_first_service_hostname_resolves_tenant" time="12.394" /><testcase classname="tests.test_ui_operations_api" name="test_ui_operations_dashboard_and_monitors" time="21.102" /><testcase classname="tests.test_ui_operations_api" name="test_ui_operations_are_tenant_scoped" time="15.817" /><testcase classname="tests.test_ui_operations_api" name="test_ui_operations_role_enforcement_when_enabled" time="17.512" /><testcase classname="tests.test_ui_operations_api" name="test_ui_operations_html_pages_render" time="18.500" /><testcase classname="tests.test_ui_operations_api" name="test_ui_operations_html_pages_fallback_when_material_base_missing" time="17.111" /><testcase classname="tests.test_ui_operations_api" name="test_ui_operations_html_filters_apply" time="17.446" /><testcase classname="tests.test_ui_operations_api" name="test_ui_action_controls_visibility_by_role" time="18.115" /><testcase classname="tests.test_ui_operations_api" name="test_ui_feedback_banner_renders_from_query_params" time="19.442" /><testcase classname="tests.test_ui_operations_api" name="test_stewardship_action_form_fields_render_for_managers" time="20.537" /><testcase classname="tests.test_ui_operations_api" name="test_stewardship_create_form_uses_asset_ajax_select" time="17.932" /><testcase classname="tests.test_ui_operations_api" name="test_access_request_create_form_uses_asset_ajax_select_and_prefills_requester" time="15.344" /><testcase classname="tests.test_ui_operations_api" name="test_orchestration_action_form_renders_for_admin" time="18.850" /><testcase classname="tests.test_ui_operations_api" name="test_orchestration_workflow_run_create_form_uses_ajax_selects" time="19.333" /><testcase classname="tests.test_ui_operations_api" name="test_agent_action_form_renders_with_input_fields" time="17.599" /><testcase classname="tests.test_ui_operations_api" name="test_printing_page_renders_jobs_and_gateways" time="18.955" /><testcase classname="tests.test_ui_operations_api" name="test_user_portal_dashboard_renders_test_print_action" time="18.794" /><testcase classname="tests.test_ui_operations_api" name="test_user_portal_dashboard_includes_default_print_templates" time="18.529" /><testcase classname="tests.test_workflow_ui_api" name="test_workflow_definition_run_and_transition_lifecycle" time="19.940" /><testcase classname="tests.test_workflow_ui_api" name="test_workflow_ui_is_tenant_scoped" time="17.176" /><testcase classname="tests.test_workflow_ui_api" name="test_workflow_ui_role_enforcement_when_enabled" time="16.541" /><testcase classname="tests.test_capture_behavioral_sources" name="test_capture_behavioral_source_creates_summary_and_page_models" time="0.518" /><testcase classname="tests.test_capture_behavioral_sources" name="test_load_manifest_and_select_source" time="0.003" /><testcase classname="tests.test_capture_behavioral_sources" name="test_fetch_html_browser_uses_external_command" time="0.002" /><testcase classname="tests.test_capture_behavioral_sources" name="test_import_promoted_patterns_copies_latest_capture_into_repo" time="0.003" /><testcase classname="tests.test_capture_behavioral_sources" name="test_diff_capture_runs_detects_route_and_component_changes" time="0.003" /><testcase classname="tests.test_celery_tenant_task" name="test_celery_task_requires_tenant_schema" time="0.004" /><testcase classname="tests.test_celery_tenant_task" name="test_celery_task_runs_with_tenant_schema" time="0.018" /><testcase classname="tests.test_celery_tenant_task" name="test_celery_task_restores_context_from_kwargs" time="0.001" /><testcase classname="tests.test_configure_branch_protection" name="test_build_branch_protection_payload_uses_required_checks_contract" time="0.001" /><testcase classname="tests.test_configure_knowledge_sources" name="test_detect_version_prefers_package_json" time="0.001" /><testcase classname="tests.test_configure_knowledge_sources" name="test_write_framework_stack_bootstrap_files" time="0.001" /><testcase classname="tests.test_configure_knowledge_sources" name="test_generate_content_creates_doc_and_skill_entries" time="0.004" /><testcase classname="tests.test_configure_knowledge_sources" name="test_generate_content_creates_cookbook_sample_and_theme_skills" time="0.010" /><testcase classname="tests.test_configure_knowledge_sources" name="test_generate_content_includes_cookbook_directory_without_readme" time="0.002" /><testcase classname="tests.test_correlation_logging" name="test_correlation_id_context_is_set_and_reset" time="0.001" /><testcase classname="tests.test_correlation_logging" name="test_request_context_middleware_sets_and_resets_fields" time="0.000" /><testcase classname="tests.test_correlation_logging" name="test_json_formatter_includes_correlation_id" time="0.000" /><testcase classname="tests.test_docs_workflow_gate" name="test_branch_policy_accepts_git_safe_conventional_slug" time="0.001" /><testcase classname="tests.test_docs_workflow_gate" name="test_branch_policy_rejects_issue_number_only_branch" time="0.001" /><testcase classname="tests.test_docs_workflow_gate" name="test_commit_subjects_require_conventional_commits" time="0.001" /><testcase classname="tests.test_docs_workflow_gate" name="test_pull_request_metadata_requires_template_sections_and_non_wip_title" time="0.001" /><testcase classname="tests.test_docs_workflow_gate" name="test_pull_request_metadata_accepts_template_headings" time="0.001" /><testcase classname="tests.test_event_payload" name="test_event_payload_contains_required_metadata_fields" time="0.000" /><testcase classname="tests.test_event_payload" name="test_event_payload_uses_request_context_defaults_when_not_explicit" time="0.000" /><testcase classname="tests.test_event_payload" name="test_event_payload_schema_validation_for_domain_and_audit_events" time="0.000" /><testcase classname="tests.test_event_payload" name="test_event_payload_schema_validation_rejects_missing_required_fields" time="0.000" /><testcase classname="tests.test_knowledge_graph_generator" name="test_generate_knowledge_graph_check_passes_for_current_repo" time="0.600" /><testcase classname="tests.test_knowledge_graph_generator" name="test_bundle_contains_expected_framework_and_skill_nodes" time="0.566" /><testcase classname="tests.test_knowledge_graph_generator" name="test_bundle_contains_workspace_skill_markdown_files" time="0.586" /><testcase classname="tests.test_knowledge_graph_generator" name="test_generator_module_is_the_canonical_skill_source" time="0.002" /><testcase classname="tests.test_knowledge_graph_generator" name="test_bundle_contains_layered_ontology_files_and_skill_dependencies" time="0.546" /><testcase classname="tests.test_knowledge_graph_generator" name="test_bundle_contains_behavioral_sources_patterns_and_skills" time="0.569" /><testcase classname="tests.test_knowledge_graph_generator" name="test_query_script_returns_behavioral_report" time="0.584" /><testcase classname="tests.test_knowledge_graph_generator" name="test_knowledge_graph_library_prefers_src_app_root" time="0.002" /><testcase classname="tests.test_knowledge_graph_generator" name="test_programming_language_detection_uses_tracked_files" time="0.009" /><testcase classname="tests.test_knowledge_graph_generator" name="test_context_hub_entries_are_environment_independent" time="0.252" /><testcase classname="tests.test_knowledge_graph_generator" name="test_query_script_returns_dashboard_skills" time="0.591" /><testcase classname="tests.test_knowledge_graph_generator" name="test_query_script_returns_layer_report" time="0.593" /><testcase classname="tests.test_knowledge_graph_generator" name="test_query_script_returns_dependency_report" time="0.606" /><testcase classname="tests.test_lims_permissions" name="test_lims_permission_model_exposes_guardian_and_viewflow_names" time="0.001" /><testcase classname="tests.test_lims_permissions" name="test_lims_permission_model_supports_module_and_legacy_roles" time="0.001" /><testcase classname="tests.test_lims_permissions" name="test_lims_permission_summary_reports_effective_permissions" time="0.001" /><testcase classname="tests.test_openapi_contract_gate" name="test_openapi_contract_gate_script_passes_for_current_repo" time="0.022" /><testcase classname="tests.test_openapi_contract_gate" name="test_normalize_django_path_converts_path_parameters" time="0.001" /><testcase classname="tests.test_openapi_contract_gate" name="test_urls_path_prefers_src_scaffold" time="0.001" /><testcase classname="tests.test_openapi_contract_gate" name="test_extract_openapi_paths_and_schemas_from_snippet" time="0.001" /><testcase classname="tests.test_spec_kit_workflow" name="test_build_issue_body_includes_spec_artifacts" time="0.002" /><testcase classname="tests.test_spec_kit_workflow" name="test_build_pr_body_uses_validation_section" time="0.002" /><testcase classname="tests.test_spec_kit_workflow" name="test_summary_command_emits_json" time="0.038" /><testcase classname="tests.test_ui_operations_api" name="test_resolve_ui_base_template_prefers_installed_material_candidate" time="3.143" /></testsuite></testsuites>